2019-03-30 02:31:58 ERROR UpdateStaffProfileAction:63 - The index 11 is out of range.
2019-03-30 02:34:00 ERROR UpdateStaffProfileAction:63 - The index 10 is out of range.
2019-03-30 05:16:05 ERROR ViewTourDetailsStaffAction:76 - Index: 0, Size: 0
2019-03-30 05:18:47 ERROR ViewTourDetailsStaffAction:76 - Index: 0, Size: 0
2019-03-30 05:20:24 ERROR ViewTourDetailsStaffAction:76 - Index: 0, Size: 0
2019-03-30 05:22:34 ERROR ViewTourDetailsStaffAction:76 - Index: 0, Size: 0
2019-03-30 05:22:47 ERROR UpdateTourAction:157 - The value is not set for the parameter number 6.
2019-03-30 05:22:55 ERROR ViewTourDetailsStaffAction:76 - Index: 0, Size: 0
2019-03-30 05:23:24 ERROR UpdateTourAction:157 - The value is not set for the parameter number 6.
2019-03-30 05:24:44 ERROR ViewTourDetailsStaffAction:76 - Index: 0, Size: 0
2019-03-30 05:26:57 ERROR UpdateTourAction:157 - The value is not set for the parameter number 6.
2019-03-30 05:27:02 ERROR ViewTourDetailsStaffAction:76 - Index: 0, Size: 0
2019-03-30 05:28:27 ERROR UpdateTourAction:157 - The value is not set for the parameter number 6.
2019-03-30 05:28:56 ERROR ViewTourDetailsStaffAction:76 - Index: 0, Size: 0
2019-03-30 05:29:09 ERROR UpdateTourAction:157 - Invalid column name 'FareAdutl'.
2019-03-30 05:37:34 ERROR ViewTourDetailsStaffAction:76 - Index: 0, Size: 0
2019-03-30 05:38:45 ERROR ViewTourDetailsStaffAction:76 - Index: 0, Size: 0
2019-03-30 05:41:09 ERROR ViewTourDetailsStaffAction:76 - Index: 0, Size: 0
2019-03-30 05:44:19 ERROR ViewTourDetailsStaffAction:76 - Index: 0, Size: 0
2019-03-30 05:48:35 ERROR UpdateTourAction:157 - The value is not set for the parameter number 2.
2019-03-30 06:10:30 ERROR UpdateTourAction:157 - The value is not set for the parameter number 2.
2019-03-30 06:12:44 ERROR UpdateTourAction:157 - The value is not set for the parameter number 2.
2019-03-30 06:14:34 ERROR UpdateTourAction:157 - The value is not set for the parameter number 2.
2019-03-30 18:44:19 ERROR ViewCartAction:71 - null
